# JRE version: OpenJDK Runtime Environment (8.0_242-b01) (build 1.8.0_242-release-1644-b01)
# Java VM: OpenJDK 64-Bit Server VM (25.242-b01 mixed mode windows-amd64 compressed oops)
Heap:
 PSYoungGen      total 623616K, used 53629K [0x00000000d5580000, 0x0000000100000000, 0x0000000100000000)
  eden space 564736K, 3% used [0x00000000d5580000,0x00000000d6718550,0x00000000f7d00000)
  from space 58880K, 60% used [0x00000000f7d00000,0x00000000f9fc6f60,0x00000000fb680000)
  to   space 60416K, 0% used [0x00000000fc500000,0x00000000fc500000,0x0000000100000000)
 ParOldGen       total 151040K, used 114634K [0x0000000080000000, 0x0000000089380000, 0x00000000d5580000)
  object space 151040K, 75% used [0x0000000080000000,0x0000000086ff28a8,0x0000000089380000)
 Metaspace       used 143956K, capacity 151860K, committed 152088K, reserved 1181696K
  class space    used 18372K, capacity 19907K, committed 20016K, reserved 1048576K
GC Heap History (10 events):
Event: 683.244 GC heap before
{Heap before GC invocations=21 (full 3):
 PSYoungGen      total 477696K, used 335267K [0x00000000d5580000, 0x00000000f9a80000, 0x0000000100000000)
  eden space 449024K, 68% used [0x00000000d5580000,0x00000000e80eec20,0x00000000f0c00000)
  from space 28672K, 99% used [0x00000000f0c00000,0x00000000f27fa208,0x00000000f2800000)
  to   space 37376K, 0% used [0x00000000f7600000,0x00000000f7600000,0x00000000f9a80000)
 ParOldGen       total 97792K, used 79164K [0x0000000080000000, 0x0000000085f80000, 0x00000000d5580000)
  object space 97792K, 80% used [0x0000000080000000,0x0000000084d4f3c8,0x0000000085f80000)
 Metaspace       used 93684K, capacity 98448K, committed 98584K, reserved 1134592K
  class space    used 12001K, capacity 13016K, committed 13104K, reserved 1048576K
Event: 683.268 GC heap after
Heap after GC invocations=21 (full 3):
 PSYoungGen      total 535040K, used 8452K [0x00000000d5580000, 0x00000000f8e00000, 0x0000000100000000)
  eden space 510464K, 0% used [0x00000000d5580000,0x00000000d5580000,0x00000000f4800000)
  from space 24576K, 34% used [0x00000000f7600000,0x00000000f7e412b8,0x00000000f8e00000)
  to   space 35840K, 0% used [0x00000000f4800000,0x00000000f4800000,0x00000000f6b00000)
 ParOldGen       total 97792K, used 90744K [0x0000000080000000, 0x0000000085f80000, 0x00000000d5580000)
  object space 97792K, 92% used [0x0000000080000000,0x000000008589e190,0x0000000085f80000)
 Metaspace       used 93684K, capacity 98448K, committed 98584K, reserved 1134592K
  class space    used 12001K, capacity 13016K, committed 13104K, reserved 1048576K
}
Event: 683.268 GC heap before
{Heap before GC invocations=22 (full 4):
 PSYoungGen      total 535040K, used 8452K [0x00000000d5580000, 0x00000000f8e00000, 0x0000000100000000)
  eden space 510464K, 0% used [0x00000000d5580000,0x00000000d5580000,0x00000000f4800000)
  from space 24576K, 34% used [0x00000000f7600000,0x00000000f7e412b8,0x00000000f8e00000)
  to   space 35840K, 0% used [0x00000000f4800000,0x00000000f4800000,0x00000000f6b00000)
 ParOldGen       total 97792K, used 90744K [0x0000000080000000, 0x0000000085f80000, 0x00000000d5580000)
  object space 97792K, 92% used [0x0000000080000000,0x000000008589e190,0x0000000085f80000)
 Metaspace       used 93684K, capacity 98448K, committed 98584K, reserved 1134592K
  class space    used 12001K, capacity 13016K, committed 13104K, reserved 1048576K
Event: 683.541 GC heap after
Heap after GC invocations=22 (full 4):
 PSYoungGen      total 535040K, used 0K [0x00000000d5580000, 0x00000000f8e00000, 0x0000000100000000)
  eden space 510464K, 0% used [0x00000000d5580000,0x00000000d5580000,0x00000000f4800000)
  from space 24576K, 0% used [0x00000000f7600000,0x00000000f7600000,0x00000000f8e00000)
  to   space 35840K, 0% used [0x00000000f4800000,0x00000000f4800000,0x00000000f6b00000)
 ParOldGen       total 151040K, used 68714K [0x0000000080000000, 0x0000000089380000, 0x00000000d5580000)
  object space 151040K, 45% used [0x0000000080000000,0x000000008431a938,0x0000000089380000)
 Metaspace       used 93436K, capacity 97656K, committed 98584K, reserved 1134592K
  class space    used 11930K, capacity 12792K, committed 13104K, reserved 1048576K
}
Event: 2416.605 GC heap before
{Heap before GC invocations=23 (full 4):
 PSYoungGen      total 535040K, used 510464K [0x00000000d5580000, 0x00000000f8e00000, 0x0000000100000000)
  eden space 510464K, 100% used [0x00000000d5580000,0x00000000f4800000,0x00000000f4800000)
  from space 24576K, 0% used [0x00000000f7600000,0x00000000f7600000,0x00000000f8e00000)
  to   space 35840K, 0% used [0x00000000f4800000,0x00000000f4800000,0x00000000f6b00000)
 ParOldGen       total 151040K, used 68714K [0x0000000080000000, 0x0000000089380000, 0x00000000d5580000)
  object space 151040K, 45% used [0x0000000080000000,0x000000008431a938,0x0000000089380000)
 Metaspace       used 112908K, capacity 118366K, committed 118552K, reserved 1153024K
  class space    used 14584K, capacity 15639K, committed 15664K, reserved 1048576K
Event: 2416.709 GC heap after
Heap after GC invocations=23 (full 4):
 PSYoungGen      total 546304K, used 35816K [0x00000000d5580000, 0x00000000fe100000, 0x0000000100000000)
  eden space 510464K, 0% used [0x00000000d5580000,0x00000000d5580000,0x00000000f4800000)
  from space 35840K, 99% used [0x00000000f4800000,0x00000000f6afa080,0x00000000f6b00000)
  to   space 43520K, 0% used [0x00000000fb680000,0x00000000fb680000,0x00000000fe100000)
 ParOldGen       total 151040K, used 73515K [0x0000000080000000, 0x0000000089380000, 0x00000000d5580000)
  object space 151040K, 48% used [0x0000000080000000,0x00000000847caf98,0x0000000089380000)
 Metaspace       used 112908K, capacity 118366K, committed 118552K, reserved 1153024K
  class space    used 14584K, capacity 15639K, committed 15664K, reserved 1048576K
}
Event: 2565.811 GC heap before
{Heap before GC invocations=24 (full 4):
 PSYoungGen      total 546304K, used 546280K [0x00000000d5580000, 0x00000000fe100000, 0x0000000100000000)
  eden space 510464K, 100% used [0x00000000d5580000,0x00000000f4800000,0x00000000f4800000)
  from space 35840K, 99% used [0x00000000f4800000,0x00000000f6afa080,0x00000000f6b00000)
  to   space 43520K, 0% used [0x00000000fb680000,0x00000000fb680000,0x00000000fe100000)
 ParOldGen       total 151040K, used 73515K [0x0000000080000000, 0x0000000089380000, 0x00000000d5580000)
  object space 151040K, 48% used [0x0000000080000000,0x00000000847caf98,0x0000000089380000)
 Metaspace       used 135643K, capacity 142446K, committed 142744K, reserved 1173504K
  class space    used 17485K, capacity 18777K, committed 18864K, reserved 1048576K
Event: 2565.880 GC heap after
Heap after GC invocations=24 (full 4):
 PSYoungGen      total 608256K, used 43518K [0x00000000d5580000, 0x00000000ff380000, 0x0000000100000000)
  eden space 564736K, 0% used [0x00000000d5580000,0x00000000d5580000,0x00000000f7d00000)
  from space 43520K, 99% used [0x00000000fb680000,0x00000000fe0ff9b0,0x00000000fe100000)
  to   space 58880K, 0% used [0x00000000f7d00000,0x00000000f7d00000,0x00000000fb680000)
 ParOldGen       total 151040K, used 94338K [0x0000000080000000, 0x0000000089380000, 0x00000000d5580000)
  object space 151040K, 62% used [0x0000000080000000,0x0000000085c209b0,0x0000000089380000)
 Metaspace       used 135643K, capacity 142446K, committed 142744K, reserved 1173504K
  class space    used 17485K, capacity 18777K, committed 18864K, reserved 1048576K
}
Event: 8697.494 GC heap before
{Heap before GC invocations=25 (full 4):
 PSYoungGen      total 608256K, used 608254K [0x00000000d5580000, 0x00000000ff380000, 0x0000000100000000)
  eden space 564736K, 100% used [0x00000000d5580000,0x00000000f7d00000,0x00000000f7d00000)
  from space 43520K, 99% used [0x00000000fb680000,0x00000000fe0ff9b0,0x00000000fe100000)
  to   space 58880K, 0% used [0x00000000f7d00000,0x00000000f7d00000,0x00000000fb680000)
 ParOldGen       total 151040K, used 94338K [0x0000000080000000, 0x0000000089380000, 0x00000000d5580000)
  object space 151040K, 62% used [0x0000000080000000,0x0000000085c209b0,0x0000000089380000)
 Metaspace       used 143854K, capacity 151708K, committed 152088K, reserved 1181696K
  class space    used 18357K, capacity 19903K, committed 20016K, reserved 1048576K
Event: 8697.735 GC heap after
Heap after GC invocations=25 (full 4):
 PSYoungGen      total 623616K, used 35611K [0x00000000d5580000, 0x0000000100000000, 0x0000000100000000)
  eden space 564736K, 0% used [0x00000000d5580000,0x00000000d5580000,0x00000000f7d00000)
  from space 58880K, 60% used [0x00000000f7d00000,0x00000000f9fc6f60,0x00000000fb680000)
  to   space 60416K, 0% used [0x00000000fc500000,0x00000000fc500000,0x0000000100000000)
 ParOldGen       total 151040K, used 114634K [0x0000000080000000, 0x0000000089380000, 0x00000000d5580000)
  object space 151040K, 75% used [0x0000000080000000,0x0000000086ff28a8,0x0000000089380000)
 Metaspace       used 143854K, capacity 151708K, committed 152088K, reserved 1181696K
  class space    used 18357K, capacity 19903K, committed 20016K, reserved 1048576K
}

