# JRE version: OpenJDK Runtime Environment (8.0_242-b01) (build 1.8.0_242-release-1644-b01)
# Java VM: OpenJDK 64-Bit Server VM (25.242-b01 mixed mode windows-amd64 compressed oops)
Heap:
 PSYoungGen      total 419328K, used 323485K [0x00000000d5580000, 0x00000000f1400000, 0x0000000100000000)
  eden space 383488K, 84% used [0x00000000d5580000,0x00000000e9167728,0x00000000ecc00000)
  from space 35840K, 0% used [0x00000000ecc00000,0x00000000ecc00000,0x00000000eef00000)
  to   space 25088K, 0% used [0x00000000eef00000,0x00000000eef00000,0x00000000f0780000)
 ParOldGen       total 139776K, used 65568K [0x0000000080000000, 0x0000000088880000, 0x00000000d5580000)
  object space 139776K, 46% used [0x0000000080000000,0x0000000084008298,0x0000000088880000)
 Metaspace       used 103099K, capacity 108238K, committed 108440K, reserved 1142784K
  class space    used 13678K, capacity 14654K, committed 14768K, reserved 1048576K
GC Heap History (10 events):
Event: 10.945 GC heap before
{Heap before GC invocations=15 (full 3):
 PSYoungGen      total 291328K, used 736K [0x00000000d5580000, 0x00000000e9980000, 0x0000000100000000)
  eden space 270336K, 0% used [0x00000000d5580000,0x00000000d5580000,0x00000000e5d80000)
  from space 20992K, 3% used [0x00000000e7280000,0x00000000e7338000,0x00000000e8700000)
  to   space 21504K, 0% used [0x00000000e5d80000,0x00000000e5d80000,0x00000000e7280000)
 ParOldGen       total 64000K, used 44014K [0x0000000080000000, 0x0000000083e80000, 0x00000000d5580000)
  object space 64000K, 68% used [0x0000000080000000,0x0000000082afb9a8,0x0000000083e80000)
 Metaspace       used 56955K, capacity 59110K, committed 59160K, reserved 1099776K
  class space    used 7712K, capacity 8200K, committed 8240K, reserved 1048576K
Event: 11.132 GC heap after
Heap after GC invocations=15 (full 3):
 PSYoungGen      total 291328K, used 0K [0x00000000d5580000, 0x00000000e9980000, 0x0000000100000000)
  eden space 270336K, 0% used [0x00000000d5580000,0x00000000d5580000,0x00000000e5d80000)
  from space 20992K, 0% used [0x00000000e7280000,0x00000000e7280000,0x00000000e8700000)
  to   space 21504K, 0% used [0x00000000e5d80000,0x00000000e5d80000,0x00000000e7280000)
 ParOldGen       total 88576K, used 32223K [0x0000000080000000, 0x0000000085680000, 0x00000000d5580000)
  object space 88576K, 36% used [0x0000000080000000,0x0000000081f77d98,0x0000000085680000)
 Metaspace       used 56949K, capacity 59092K, committed 59160K, reserved 1099776K
  class space    used 7710K, capacity 8197K, committed 8240K, reserved 1048576K
}
Event: 14.529 GC heap before
{Heap before GC invocations=16 (full 3):
 PSYoungGen      total 291328K, used 270336K [0x00000000d5580000, 0x00000000e9980000, 0x0000000100000000)
  eden space 270336K, 100% used [0x00000000d5580000,0x00000000e5d80000,0x00000000e5d80000)
  from space 20992K, 0% used [0x00000000e7280000,0x00000000e7280000,0x00000000e8700000)
  to   space 21504K, 0% used [0x00000000e5d80000,0x00000000e5d80000,0x00000000e7280000)
 ParOldGen       total 88576K, used 32223K [0x0000000080000000, 0x0000000085680000, 0x00000000d5580000)
  object space 88576K, 36% used [0x0000000080000000,0x0000000081f77d98,0x0000000085680000)
 Metaspace       used 69596K, capacity 72574K, committed 72984K, reserved 1112064K
  class space    used 9590K, capacity 10177K, committed 10288K, reserved 1048576K
Event: 14.568 GC heap after
Heap after GC invocations=16 (full 3):
 PSYoungGen      total 291840K, used 21499K [0x00000000d5580000, 0x00000000f0780000, 0x0000000100000000)
  eden space 270336K, 0% used [0x00000000d5580000,0x00000000d5580000,0x00000000e5d80000)
  from space 21504K, 99% used [0x00000000e5d80000,0x00000000e727eed0,0x00000000e7280000)
  to   space 25088K, 0% used [0x00000000eef00000,0x00000000eef00000,0x00000000f0780000)
 ParOldGen       total 88576K, used 32968K [0x0000000080000000, 0x0000000085680000, 0x00000000d5580000)
  object space 88576K, 37% used [0x0000000080000000,0x00000000820322f0,0x0000000085680000)
 Metaspace       used 69596K, capacity 72574K, committed 72984K, reserved 1112064K
  class space    used 9590K, capacity 10177K, committed 10288K, reserved 1048576K
}
Event: 26.844 GC heap before
{Heap before GC invocations=17 (full 3):
 PSYoungGen      total 291840K, used 291835K [0x00000000d5580000, 0x00000000f0780000, 0x0000000100000000)
  eden space 270336K, 100% used [0x00000000d5580000,0x00000000e5d80000,0x00000000e5d80000)
  from space 21504K, 99% used [0x00000000e5d80000,0x00000000e727eed0,0x00000000e7280000)
  to   space 25088K, 0% used [0x00000000eef00000,0x00000000eef00000,0x00000000f0780000)
 ParOldGen       total 88576K, used 32968K [0x0000000080000000, 0x0000000085680000, 0x00000000d5580000)
  object space 88576K, 37% used [0x0000000080000000,0x00000000820322f0,0x0000000085680000)
 Metaspace       used 82037K, capacity 86076K, committed 86296K, reserved 1124352K
  class space    used 10960K, capacity 11753K, committed 11824K, reserved 1048576K
Event: 26.889 GC heap after
Heap after GC invocations=17 (full 3):
 PSYoungGen      total 408576K, used 25078K [0x00000000d5580000, 0x00000000f1400000, 0x0000000100000000)
  eden space 383488K, 0% used [0x00000000d5580000,0x00000000d5580000,0x00000000ecc00000)
  from space 25088K, 99% used [0x00000000eef00000,0x00000000f077d9f8,0x00000000f0780000)
  to   space 35840K, 0% used [0x00000000ecc00000,0x00000000ecc00000,0x00000000eef00000)
 ParOldGen       total 88576K, used 50232K [0x0000000080000000, 0x0000000085680000, 0x00000000d5580000)
  object space 88576K, 56% used [0x0000000080000000,0x000000008310e238,0x0000000085680000)
 Metaspace       used 82037K, capacity 86076K, committed 86296K, reserved 1124352K
  class space    used 10960K, capacity 11753K, committed 11824K, reserved 1048576K
}
Event: 57.226 GC heap before
{Heap before GC invocations=18 (full 3):
 PSYoungGen      total 408576K, used 408566K [0x00000000d5580000, 0x00000000f1400000, 0x0000000100000000)
  eden space 383488K, 100% used [0x00000000d5580000,0x00000000ecc00000,0x00000000ecc00000)
  from space 25088K, 99% used [0x00000000eef00000,0x00000000f077d9f8,0x00000000f0780000)
  to   space 35840K, 0% used [0x00000000ecc00000,0x00000000ecc00000,0x00000000eef00000)
 ParOldGen       total 88576K, used 50232K [0x0000000080000000, 0x0000000085680000, 0x00000000d5580000)
  object space 88576K, 56% used [0x0000000080000000,0x000000008310e238,0x0000000085680000)
 Metaspace       used 88945K, capacity 93454K, committed 93592K, reserved 1130496K
  class space    used 11812K, capacity 12673K, committed 12720K, reserved 1048576K
Event: 57.292 GC heap after
Heap after GC invocations=18 (full 3):
 PSYoungGen      total 419328K, used 10860K [0x00000000d5580000, 0x00000000f1400000, 0x0000000100000000)
  eden space 383488K, 0% used [0x00000000d5580000,0x00000000d5580000,0x00000000ecc00000)
  from space 35840K, 30% used [0x00000000ecc00000,0x00000000ed69b338,0x00000000eef00000)
  to   space 25088K, 0% used [0x00000000eef00000,0x00000000eef00000,0x00000000f0780000)
 ParOldGen       total 88576K, used 70182K [0x0000000080000000, 0x0000000085680000, 0x00000000d5580000)
  object space 88576K, 79% used [0x0000000080000000,0x0000000084489950,0x0000000085680000)
 Metaspace       used 88945K, capacity 93454K, committed 93592K, reserved 1130496K
  class space    used 11812K, capacity 12673K, committed 12720K, reserved 1048576K
}
Event: 57.292 GC heap before
{Heap before GC invocations=19 (full 4):
 PSYoungGen      total 419328K, used 10860K [0x00000000d5580000, 0x00000000f1400000, 0x0000000100000000)
  eden space 383488K, 0% used [0x00000000d5580000,0x00000000d5580000,0x00000000ecc00000)
  from space 35840K, 30% used [0x00000000ecc00000,0x00000000ed69b338,0x00000000eef00000)
  to   space 25088K, 0% used [0x00000000eef00000,0x00000000eef00000,0x00000000f0780000)
 ParOldGen       total 88576K, used 70182K [0x0000000080000000, 0x0000000085680000, 0x00000000d5580000)
  object space 88576K, 79% used [0x0000000080000000,0x0000000084489950,0x0000000085680000)
 Metaspace       used 88945K, capacity 93454K, committed 93592K, reserved 1130496K
  class space    used 11812K, capacity 12673K, committed 12720K, reserved 1048576K
Event: 57.798 GC heap after
Heap after GC invocations=19 (full 4):
 PSYoungGen      total 419328K, used 0K [0x00000000d5580000, 0x00000000f1400000, 0x0000000100000000)
  eden space 383488K, 0% used [0x00000000d5580000,0x00000000d5580000,0x00000000ecc00000)
  from space 35840K, 0% used [0x00000000ecc00000,0x00000000ecc00000,0x00000000eef00000)
  to   space 25088K, 0% used [0x00000000eef00000,0x00000000eef00000,0x00000000f0780000)
 ParOldGen       total 139776K, used 65568K [0x0000000080000000, 0x0000000088880000, 0x00000000d5580000)
  object space 139776K, 46% used [0x0000000080000000,0x0000000084008298,0x0000000088880000)
 Metaspace       used 88798K, capacity 93022K, committed 93592K, reserved 1130496K
  class space    used 11765K, capacity 12589K, committed 12720K, reserved 1048576K
}

