# JRE version: OpenJDK Runtime Environment (8.0_242-b01) (build 1.8.0_242-release-1644-b01)
# Java VM: OpenJDK 64-Bit Server VM (25.242-b01 mixed mode windows-amd64 compressed oops)
Heap:
 PSYoungGen      total 491520K, used 449774K [0x00000000d5580000, 0x00000000f9200000, 0x0000000100000000)
  eden space 460800K, 96% used [0x00000000d5580000,0x00000000f07d39d8,0x00000000f1780000)
  from space 30720K, 16% used [0x00000000f3980000,0x00000000f3e68000,0x00000000f5780000)
  to   space 34816K, 0% used [0x00000000f1780000,0x00000000f1780000,0x00000000f3980000)
 ParOldGen       total 115712K, used 91684K [0x0000000080000000, 0x0000000087100000, 0x00000000d5580000)
  object space 115712K, 79% used [0x0000000080000000,0x0000000085989038,0x0000000087100000)
 Metaspace       used 80788K, capacity 84696K, committed 85144K, reserved 1122304K
  class space    used 10889K, capacity 11648K, committed 11696K, reserved 1048576K
GC Heap History (10 events):
Event: 36.314 GC heap before
{Heap before GC invocations=23 (full 4):
 PSYoungGen      total 495616K, used 4032K [0x00000000d5580000, 0x00000000f6e80000, 0x0000000100000000)
  eden space 457216K, 0% used [0x00000000d5580000,0x00000000d5580000,0x00000000f1400000)
  from space 38400K, 10% used [0x00000000f1400000,0x00000000f17f0000,0x00000000f3980000)
  to   space 30720K, 0% used [0x00000000f3980000,0x00000000f3980000,0x00000000f5780000)
 ParOldGen       total 115712K, used 115547K [0x0000000080000000, 0x0000000087100000, 0x00000000d5580000)
  object space 115712K, 99% used [0x0000000080000000,0x00000000870d6d58,0x0000000087100000)
 Metaspace       used 80791K, capacity 84766K, committed 84888K, reserved 1122304K
  class space    used 10911K, capacity 11691K, committed 11696K, reserved 1048576K
Event: 36.827 GC heap after
Heap after GC invocations=23 (full 4):
 PSYoungGen      total 495616K, used 0K [0x00000000d5580000, 0x00000000f6e80000, 0x0000000100000000)
  eden space 457216K, 0% used [0x00000000d5580000,0x00000000d5580000,0x00000000f1400000)
  from space 38400K, 0% used [0x00000000f1400000,0x00000000f1400000,0x00000000f3980000)
  to   space 30720K, 0% used [0x00000000f3980000,0x00000000f3980000,0x00000000f5780000)
 ParOldGen       total 115712K, used 83804K [0x0000000080000000, 0x0000000087100000, 0x00000000d5580000)
  object space 115712K, 72% used [0x0000000080000000,0x00000000851d7380,0x0000000087100000)
 Metaspace       used 80709K, capacity 84538K, committed 84888K, reserved 1122304K
  class space    used 10883K, capacity 11643K, committed 11696K, reserved 1048576K
}
Event: 38.611 GC heap before
{Heap before GC invocations=24 (full 4):
 PSYoungGen      total 495616K, used 457216K [0x00000000d5580000, 0x00000000f6e80000, 0x0000000100000000)
  eden space 457216K, 100% used [0x00000000d5580000,0x00000000f1400000,0x00000000f1400000)
  from space 38400K, 0% used [0x00000000f1400000,0x00000000f1400000,0x00000000f3980000)
  to   space 30720K, 0% used [0x00000000f3980000,0x00000000f3980000,0x00000000f5780000)
 ParOldGen       total 115712K, used 83804K [0x0000000080000000, 0x0000000087100000, 0x00000000d5580000)
  object space 115712K, 72% used [0x0000000080000000,0x00000000851d7380,0x0000000087100000)
 Metaspace       used 80725K, capacity 84548K, committed 84888K, reserved 1122304K
  class space    used 10885K, capacity 11644K, committed 11696K, reserved 1048576K
Event: 38.646 GC heap after
Heap after GC invocations=24 (full 4):
 PSYoungGen      total 487936K, used 14965K [0x00000000d5580000, 0x00000000f6e80000, 0x0000000100000000)
  eden space 457216K, 0% used [0x00000000d5580000,0x00000000d5580000,0x00000000f1400000)
  from space 30720K, 48% used [0x00000000f3980000,0x00000000f481d4b8,0x00000000f5780000)
  to   space 38400K, 0% used [0x00000000f1400000,0x00000000f1400000,0x00000000f3980000)
 ParOldGen       total 115712K, used 83804K [0x0000000080000000, 0x0000000087100000, 0x00000000d5580000)
  object space 115712K, 72% used [0x0000000080000000,0x00000000851d7380,0x0000000087100000)
 Metaspace       used 80725K, capacity 84548K, committed 84888K, reserved 1122304K
  class space    used 10885K, capacity 11644K, committed 11696K, reserved 1048576K
}
Event: 40.270 GC heap before
{Heap before GC invocations=25 (full 4):
 PSYoungGen      total 487936K, used 472181K [0x00000000d5580000, 0x00000000f6e80000, 0x0000000100000000)
  eden space 457216K, 100% used [0x00000000d5580000,0x00000000f1400000,0x00000000f1400000)
  from space 30720K, 48% used [0x00000000f3980000,0x00000000f481d4b8,0x00000000f5780000)
  to   space 38400K, 0% used [0x00000000f1400000,0x00000000f1400000,0x00000000f3980000)
 ParOldGen       total 115712K, used 83804K [0x0000000080000000, 0x0000000087100000, 0x00000000d5580000)
  object space 115712K, 72% used [0x0000000080000000,0x00000000851d7380,0x0000000087100000)
 Metaspace       used 80730K, capacity 84548K, committed 84888K, reserved 1122304K
  class space    used 10885K, capacity 11644K, committed 11696K, reserved 1048576K
Event: 40.306 GC heap after
Heap after GC invocations=25 (full 4):
 PSYoungGen      total 495616K, used 4672K [0x00000000d5580000, 0x00000000f6e80000, 0x0000000100000000)
  eden space 457216K, 0% used [0x00000000d5580000,0x00000000d5580000,0x00000000f1400000)
  from space 38400K, 12% used [0x00000000f1400000,0x00000000f1890010,0x00000000f3980000)
  to   space 30720K, 0% used [0x00000000f3980000,0x00000000f3980000,0x00000000f5780000)
 ParOldGen       total 115712K, used 97448K [0x0000000080000000, 0x0000000087100000, 0x00000000d5580000)
  object space 115712K, 84% used [0x0000000080000000,0x0000000085f2a3e8,0x0000000087100000)
 Metaspace       used 80730K, capacity 84548K, committed 84888K, reserved 1122304K
  class space    used 10885K, capacity 11644K, committed 11696K, reserved 1048576K
}
Event: 40.306 GC heap before
{Heap before GC invocations=26 (full 5):
 PSYoungGen      total 495616K, used 4672K [0x00000000d5580000, 0x00000000f6e80000, 0x0000000100000000)
  eden space 457216K, 0% used [0x00000000d5580000,0x00000000d5580000,0x00000000f1400000)
  from space 38400K, 12% used [0x00000000f1400000,0x00000000f1890010,0x00000000f3980000)
  to   space 30720K, 0% used [0x00000000f3980000,0x00000000f3980000,0x00000000f5780000)
 ParOldGen       total 115712K, used 97448K [0x0000000080000000, 0x0000000087100000, 0x00000000d5580000)
  object space 115712K, 84% used [0x0000000080000000,0x0000000085f2a3e8,0x0000000087100000)
 Metaspace       used 80730K, capacity 84548K, committed 84888K, reserved 1122304K
  class space    used 10885K, capacity 11644K, committed 11696K, reserved 1048576K
Event: 40.729 GC heap after
Heap after GC invocations=26 (full 5):
 PSYoungGen      total 495616K, used 0K [0x00000000d5580000, 0x00000000f6e80000, 0x0000000100000000)
  eden space 457216K, 0% used [0x00000000d5580000,0x00000000d5580000,0x00000000f1400000)
  from space 38400K, 0% used [0x00000000f1400000,0x00000000f1400000,0x00000000f3980000)
  to   space 30720K, 0% used [0x00000000f3980000,0x00000000f3980000,0x00000000f5780000)
 ParOldGen       total 115712K, used 91684K [0x0000000080000000, 0x0000000087100000, 0x00000000d5580000)
  object space 115712K, 79% used [0x0000000080000000,0x0000000085989038,0x0000000087100000)
 Metaspace       used 80730K, capacity 84548K, committed 84888K, reserved 1122304K
  class space    used 10885K, capacity 11644K, committed 11696K, reserved 1048576K
}
Event: 42.606 GC heap before
{Heap before GC invocations=27 (full 5):
 PSYoungGen      total 495616K, used 457216K [0x00000000d5580000, 0x00000000f6e80000, 0x0000000100000000)
  eden space 457216K, 100% used [0x00000000d5580000,0x00000000f1400000,0x00000000f1400000)
  from space 38400K, 0% used [0x00000000f1400000,0x00000000f1400000,0x00000000f3980000)
  to   space 30720K, 0% used [0x00000000f3980000,0x00000000f3980000,0x00000000f5780000)
 ParOldGen       total 115712K, used 91684K [0x0000000080000000, 0x0000000087100000, 0x00000000d5580000)
  object space 115712K, 79% used [0x0000000080000000,0x0000000085989038,0x0000000087100000)
 Metaspace       used 80763K, capacity 84626K, committed 84888K, reserved 1122304K
  class space    used 10888K, capacity 11647K, committed 11696K, reserved 1048576K
Event: 42.630 GC heap after
Heap after GC invocations=27 (full 5):
 PSYoungGen      total 491520K, used 5024K [0x00000000d5580000, 0x00000000f9200000, 0x0000000100000000)
  eden space 460800K, 0% used [0x00000000d5580000,0x00000000d5580000,0x00000000f1780000)
  from space 30720K, 16% used [0x00000000f3980000,0x00000000f3e68000,0x00000000f5780000)
  to   space 34816K, 0% used [0x00000000f1780000,0x00000000f1780000,0x00000000f3980000)
 ParOldGen       total 115712K, used 91684K [0x0000000080000000, 0x0000000087100000, 0x00000000d5580000)
  object space 115712K, 79% used [0x0000000080000000,0x0000000085989038,0x0000000087100000)
 Metaspace       used 80763K, capacity 84626K, committed 84888K, reserved 1122304K
  class space    used 10888K, capacity 11647K, committed 11696K, reserved 1048576K
}

